#
# There is insufficient memory for the Java Runtime Environment to continue.
# Native memory allocation (mmap) failed to map 268435456 bytes for Failed to commit area from 0x0000000700c00000 to 0x0000000710c00000 of length 268435456.
# Possible reasons:
#   The system is out of physical RAM or swap space
#   The process is running with CompressedOops enabled, and the Java Heap may be blocking the growth of the native heap
# Possible solutions:
#   Reduce memory load on the system
#   Increase physical memory or swap space
#   Check if swap backing store is full
#   Decrease Java heap size (-Xmx/-Xms)
#   Decrease number of Java threads
#   Decrease Java thread stack sizes (-Xss)
#   Set larger code cache with -XX:ReservedCodeCacheSize=
# This output file may be truncated or incomplete.
#
#  Out of Memory Error (./src/hotspot/os/windows/os_windows.cpp:3619), pid=18164, tid=17396
#
# JRE version:  (11.0.13+7) (build )
# Java VM: OpenJDK 64-Bit Server VM (11.0.13+7-b1751.25, mixed mode, sharing, tiered, compressed oops, g1 gc, windows-amd64)
# No core dump will be written. Minidumps are not enabled by default on client versions of Windows
#

---------------  S U M M A R Y ------------

Command Line: -javaagent:C:\Program Files\JetBrains\IntelliJ IDEA Community Edition 2021.3\lib\idea_rt.jar=58953:C:\Program Files\JetBrains\IntelliJ IDEA Community Edition 2021.3\bin -Dfile.encoding=UTF-8 MainKt

Host: Intel(R) Core(TM) i5-4570 CPU @ 3.20GHz, 4 cores, 15G,  Windows 10 , 64 bit Build 19041 (10.0.19041.1503)
Time: Wed Feb 16 23:10:01 2022 RTZ 6 (зима) elapsed time: 0.012267 seconds (0d 0h 0m 0s)

---------------  T H R E A D  ---------------

Current thread (0x0000020670668800):  JavaThread "Unknown thread" [_thread_in_vm, id=17396, stack(0x0000009580000000,0x0000009580100000)]

Stack: [0x0000009580000000,0x0000009580100000]
Native frames: (J=compiled Java code, j=interpreted, Vv=VM code, C=native code)
V  [jvm.dll+0x613daa]
V  [jvm.dll+0x799b30]
V  [jvm.dll+0x79b14d]
V  [jvm.dll+0x79b823]
V  [jvm.dll+0x24c958]
V  [jvm.dll+0x610e24]
V  [jvm.dll+0x605b25]
V  [jvm.dll+0x30aaab]
V  [jvm.dll+0x30aa1a]
V  [jvm.dll+0x30a8f2]
V  [jvm.dll+0x30f856]
V  [jvm.dll+0x359143]
V  [jvm.dll+0x359846]
V  [jvm.dll+0x359243]
V  [jvm.dll+0x2e57a8]
V  [jvm.dll+0x2e6947]
V  [jvm.dll+0x776d47]
V  [jvm.dll+0x77853c]
V  [jvm.dll+0x3666c9]
V  [jvm.dll+0x75a9ce]
V  [jvm.dll+0x3d47d3]
V  [jvm.dll+0x3d6d21]
C  [jli.dll+0x536b]
C  [ucrtbase.dll+0x21bb2]
C  [KERNEL32.DLL+0x17034]
C  [ntdll.dll+0x52651]


---------------  P R O C E S S  ---------------

Threads class SMR info:
_java_thread_list=0x000002066e3d6350, length=0, elements={
}

Java Threads: ( => current thread )

Other Threads:
  0x0000020670682800 GCTaskThread "GC Thread#0" [stack: 0x0000009580100000,0x0000009580200000] [id=1120]
  0x00000206706d8800 ConcurrentGCThread "G1 Main Marker" [stack: 0x0000009580200000,0x0000009580300000] [id=16620]
  0x00000206706d9800 ConcurrentGCThread "G1 Conc#0" [stack: 0x0000009580300000,0x0000009580400000] [id=15724]

[error occurred during error reporting (printing all threads), id 0xc0000005, EXCEPTION_ACCESS_VIOLATION (0xc0000005) at pc=0x00007ffa59135c97]

VM state:not at safepoint (not fully initialized)

VM Mutex/Monitor currently owned by a thread:  ([mutex/lock_event])
[0x00000206706648c0] Heap_lock - owner thread: 0x0000020670668800

Heap address: 0x0000000700c00000, size: 4084 MB, Compressed Oops mode: Non-zero based: 0x0000000700c00000
Narrow klass base: 0x0000000000000000, Narrow klass shift: 0

GC Heap History (0 events):
No events

Deoptimization events (0 events):
No events

Classes redefined (0 events):
No events

Internal exceptions (0 events):
No events

Events (1 events):
Event: 0.009 Loaded shared library C:\Program Files\JetBrains\IntelliJ IDEA Community Edition 2021.3\jbr\bin\zip.dll


Dynamic libraries:
0x00007ff75f2a0000 - 0x00007ff75f2aa000 	C:\Program Files\JetBrains\IntelliJ IDEA Community Edition 2021.3\jbr\bin\java.exe
0x00007ffaaf4d0000 - 0x00007ffaaf6c5000 	C:\Windows\SYSTEM32\ntdll.dll
0x00007ffaaf130000 - 0x00007ffaaf1ee000 	C:\Windows\System32\KERNEL32.DLL
0x00007ffaaccf0000 - 0x00007ffaacfb8000 	C:\Windows\System32\KERNELBASE.dll
0x00007ffaaa510000 - 0x00007ffaaa5a0000 	C:\Windows\SYSTEM32\apphelp.dll
0x00007ffaad270000 - 0x00007ffaad370000 	C:\Windows\System32\ucrtbase.dll
0x00007ffa9f9a0000 - 0x00007ffa9f9b7000 	C:\Program Files\JetBrains\IntelliJ IDEA Community Edition 2021.3\jbr\bin\VCRUNTIME140.dll
0x00007ffa9fd30000 - 0x00007ffa9fd49000 	C:\Program Files\JetBrains\IntelliJ IDEA Community Edition 2021.3\jbr\bin\jli.dll
0x00007ffaaed60000 - 0x00007ffaaef00000 	C:\Windows\System32\USER32.dll
0x00007ffaad4f0000 - 0x00007ffaad512000 	C:\Windows\System32\win32u.dll
0x00007ffaa0820000 - 0x00007ffaa0aba000 	C:\Windows\WinSxS\amd64_microsoft.windows.common-controls_6595b64144ccf1df_6.0.19041.1110_none_60b5254171f9507e\COMCTL32.dll
0x00007ffaae9d0000 - 0x00007ffaae9fb000 	C:\Windows\System32\GDI32.dll
0x00007ffaaefb0000 - 0x00007ffaaf04e000 	C:\Windows\System32\msvcrt.dll
0x00007ffaacbe0000 - 0x00007ffaacced000 	C:\Windows\System32\gdi32full.dll
0x00007ffaad1d0000 - 0x00007ffaad26d000 	C:\Windows\System32\msvcp_win.dll
0x00007ffaaddc0000 - 0x00007ffaaddf0000 	C:\Windows\System32\IMM32.DLL
0x00007ffa88e30000 - 0x00007ffa88ecd000 	C:\Program Files\JetBrains\IntelliJ IDEA Community Edition 2021.3\jbr\bin\msvcp140.dll
0x00007ffa58e40000 - 0x00007ffa599b6000 	C:\Program Files\JetBrains\IntelliJ IDEA Community Edition 2021.3\jbr\bin\server\jvm.dll
0x00007ffaaf310000 - 0x00007ffaaf3be000 	C:\Windows\System32\ADVAPI32.dll
0x00007ffaaecc0000 - 0x00007ffaaed5c000 	C:\Windows\System32\sechost.dll
0x00007ffaad520000 - 0x00007ffaad645000 	C:\Windows\System32\RPCRT4.dll
0x00007ffaadd50000 - 0x00007ffaadd58000 	C:\Windows\System32\PSAPI.DLL
0x00007ffa9dc80000 - 0x00007ffa9dc89000 	C:\Windows\SYSTEM32\WSOCK32.dll
0x00007ffaaebd0000 - 0x00007ffaaec3b000 	C:\Windows\System32\WS2_32.dll
0x00007ffa984d0000 - 0x00007ffa984f7000 	C:\Windows\SYSTEM32\WINMM.dll
0x00007ffaa7cd0000 - 0x00007ffaa7cda000 	C:\Windows\SYSTEM32\VERSION.dll
0x00007ffaaaa10000 - 0x00007ffaaaa22000 	C:\Windows\SYSTEM32\kernel.appcore.dll
0x00007ffaa85a0000 - 0x00007ffaa85b1000 	C:\Program Files\JetBrains\IntelliJ IDEA Community Edition 2021.3\jbr\bin\verify.dll
0x00007ffaa7190000 - 0x00007ffaa7374000 	C:\Windows\SYSTEM32\DBGHELP.DLL
0x00007ffaa6f20000 - 0x00007ffaa6f4c000 	C:\Windows\SYSTEM32\dbgcore.DLL
0x00007ffaad3e0000 - 0x00007ffaad462000 	C:\Windows\System32\bcryptPrimitives.dll
0x00007ffaa4e30000 - 0x00007ffaa4e59000 	C:\Program Files\JetBrains\IntelliJ IDEA Community Edition 2021.3\jbr\bin\java.dll
0x00007ffaa8650000 - 0x00007ffaa865b000 	C:\Program Files\JetBrains\IntelliJ IDEA Community Edition 2021.3\jbr\bin\jimage.dll
0x00007ffaa6540000 - 0x00007ffaa654f000 	C:\Program Files\JetBrains\IntelliJ IDEA Community Edition 2021.3\jbr\bin\instrument.dll
0x00007ffaa26d0000 - 0x00007ffaa26e8000 	C:\Program Files\JetBrains\IntelliJ IDEA Community Edition 2021.3\jbr\bin\zip.dll

dbghelp: loaded successfully - version: 4.0.5 - missing functions: none
symbol engine: initialized successfully - sym options: 0x614 - pdb path: .;C:\Program Files\JetBrains\IntelliJ IDEA Community Edition 2021.3\jbr\bin;C:\Windows\SYSTEM32;C:\Windows\WinSxS\amd64_microsoft.windows.common-controls_6595b64144ccf1df_6.0.19041.1110_none_60b5254171f9507e;C:\Program Files\JetBrains\IntelliJ IDEA Community Edition 2021.3\jbr\bin\server

VM Arguments:
jvm_args: -javaagent:C:\Program Files\JetBrains\IntelliJ IDEA Community Edition 2021.3\lib\idea_rt.jar=58953:C:\Program Files\JetBrains\IntelliJ IDEA Community Edition 2021.3\bin -Dfile.encoding=UTF-8 
java_command: MainKt
java_class_path (initial): F:\SkillBOX\kotlin4\12_Exceptions\build\classes\kotlin\main;C:\Users\Andrey\.gradle\caches\modules-2\files-2.1\org.jetbrains.kotlin\kotlin-stdlib\1.6.10\b8af3fe6f1ca88526914929add63cf5e7c5049af\kotlin-stdlib-1.6.10.jar;C:\Users\Andrey\.gradle\caches\modules-2\files-2.1\org.jetbrains\annotations\13.0\919f0dfe192fb4e063e7dacadee7f8bb9a2672a9\annotations-13.0.jar;C:\Users\Andrey\.gradle\caches\modules-2\files-2.1\org.jetbrains.kotlin\kotlin-stdlib-common\1.6.10\c118700e3a33c8a0d9adc920e9dec0831171925\kotlin-stdlib-common-1.6.10.jar
Launcher Type: SUN_STANDARD

[Global flags]
     intx CICompilerCount                          = 3                                         {product} {ergonomic}
     uint ConcGCThreads                            = 1                                         {product} {ergonomic}
     uint G1ConcRefinementThreads                  = 4                                         {product} {ergonomic}
   size_t G1HeapRegionSize                         = 1048576                                   {product} {ergonomic}
    uintx GCDrainStackTargetSize                   = 64                                        {product} {ergonomic}
   size_t InitialHeapSize                          = 268435456                                 {product} {ergonomic}
   size_t MarkStackSize                            = 4194304                                   {product} {ergonomic}
   size_t MaxHeapSize                              = 4282384384                                {product} {ergonomic}
   size_t MinHeapDeltaBytes                        = 1048576                                   {product} {ergonomic}
    uintx NonNMethodCodeHeapSize                   = 5830732                                {pd product} {ergonomic}
    uintx NonProfiledCodeHeapSize                  = 122913754                              {pd product} {ergonomic}
    uintx ProfiledCodeHeapSize                     = 122913754                              {pd product} {ergonomic}
    uintx ReservedCodeCacheSize                    = 251658240                              {pd product} {ergonomic}
     bool SegmentedCodeCache                       = true                                      {product} {ergonomic}
     bool UseCompressedClassPointers               = true                                 {lp64_product} {ergonomic}
     bool UseCompressedOops                        = true                                 {lp64_product} {ergonomic}
     bool UseG1GC                                  = true                                      {product} {ergonomic}
     bool UseLargePagesIndividualAllocation        = false                                  {pd product} {ergonomic}

Logging:
Log output configuration:
 #0: stdout all=warning uptime,level,tags
 #1: stderr all=off uptime,level,tags

Environment Variables:
PATH=C:\Program Files\Common Files\Oracle\Java\javapath;C:\Windows\system32;C:\Windows;C:\Windows\System32\Wbem;C:\Windows\System32\WindowsPowerShell\v1.0\;C:\Windows\System32\OpenSSH\;C:\Program Files\Git\cmd;C:\Users\Andrey\AppData\Local\Microsoft\WindowsApps
USERNAME=Andrey
OS=Windows_NT
PROCESSOR_IDENTIFIER=Intel64 Family 6 Model 60 Stepping 3, GenuineIntel



---------------  S Y S T E M  ---------------

OS: Windows 10 , 64 bit Build 19041 (10.0.19041.1503)
OS uptime: 6 days 9:19 hours

CPU:total 4 (initial active 4) (4 cores per cpu, 1 threads per core) family 6 model 60 stepping 3 microcode 0x27, cmov, cx8, fxsr, mmx, sse, sse2, sse3, ssse3, sse4.1, sse4.2, popcnt, avx, avx2, aes, clmul, erms, lzcnt, tsc, tscinvbit, bmi1, bmi2, fma

Memory: 4k page, system-wide physical 16328M (4505M free)
TotalPageFile size 37720M (AvailPageFile size 247M)
current process WorkingSet (physical memory assigned to process): 10M, peak: 10M
current process commit charge ("private bytes"): 52M, peak: 308M

vm_info: OpenJDK 64-Bit Server VM (11.0.13+7-b1751.25) for windows-amd64 JRE (11.0.13+7-b1751.25), built on Jan 13 2022 20:47:27 by "" with MS VC++ 14.0 (VS2015)

END.
